<?xml version="1.0" encoding="UTF-8"?>
<!-- Generated by org.testng.reporters.JUnitReportReporter -->
<testsuite hostname="KRISH-PC" name="springmvc.web.model.dao.AccountingDaoTest" tests="1" failures="0" timestamp="1 Feb 2016 19:55:41 GMT" time="0.464" errors="0">
  <testcase name="checkAccDepartment" time="0.464" classname="springmvc.web.model.dao.AccountingDaoTest"/>
</testsuite> <!-- springmvc.web.model.dao.AccountingDaoTest -->
