<?xml version="1.0" encoding="UTF-8"?>
<!-- Generated by org.testng.reporters.JUnitReportReporter -->
<testsuite hostname="KRISH-PC" name="springmvc.web.model.dao.AccountingTestDao" tests="1" failures="0" timestamp="31 Jan 2016 09:03:28 GMT" time="0.484" errors="0">
  <testcase name="check" time="0.484" classname="springmvc.web.model.dao.AccountingTestDao"/>
</testsuite> <!-- springmvc.web.model.dao.AccountingTestDao -->
