<?xml version="1.0" encoding="UTF-8"?>
<!-- Generated by org.testng.reporters.JUnitReportReporter -->
<testsuite hostname="KRISH-PC" name="springmvc.web.model.dao.DepartmentTestDao" tests="1" failures="0" timestamp="31 Jan 2016 06:41:51 GMT" time="0.691" errors="0">
  <testcase name="getDepartments" time="0.691" classname="springmvc.web.model.dao.DepartmentTestDao"/>
</testsuite> <!-- springmvc.web.model.dao.DepartmentTestDao -->
