<?xml version="1.0" encoding="UTF-8"?>
<!-- Generated by org.testng.reporters.JUnitReportReporter -->
<testsuite hostname="KRISH-PC" name="springmvc.web.model.dao.DepartmentDaoTest" tests="1" failures="0" timestamp="1 Feb 2016 19:55:23 GMT" time="0.393" errors="0">
  <testcase name="checkDepartment" time="0.393" classname="springmvc.web.model.dao.DepartmentDaoTest"/>
</testsuite> <!-- springmvc.web.model.dao.DepartmentDaoTest -->
